<?xml version="1.0" encoding="UTF-8"?>
<testng-results skipped="0" failed="0" total="0" passed="0">
  <reporter-output>
  </reporter-output>
  <suite name="Cucumber Framenwork" duration-ms="195666" started-at="2019-01-15T14:33:12Z" finished-at="2019-01-15T14:36:27Z">
    <groups>
    </groups>
    <test name="Cucumber Tests" duration-ms="195666" started-at="2019-01-15T14:33:12Z" finished-at="2019-01-15T14:36:27Z">
    </test> <!-- Cucumber Tests -->
  </suite> <!-- Cucumber Framenwork -->
</testng-results>
