<?xml version="1.0" encoding="UTF-8"?>
<testng-results skipped="0" failed="0" total="0" passed="0">
  <reporter-output>
  </reporter-output>
  <suite name="Cucumber Framenwork" duration-ms="160860" started-at="2019-01-15T14:14:00Z" finished-at="2019-01-15T14:16:40Z">
    <groups>
    </groups>
    <test name="Cucumber Tests" duration-ms="160860" started-at="2019-01-15T14:14:00Z" finished-at="2019-01-15T14:16:40Z">
    </test> <!-- Cucumber Tests -->
  </suite> <!-- Cucumber Framenwork -->
</testng-results>
